build/app/intermediates/manifest_merge_blame_file/release/manifest-merger-blame-release-report.txt
1<?xml version="1.0" encoding="utf-8"?>
2<manifest xmlns:android="http://schemas.android.com/apk/res/android"
3    package="com.bansalandsons.jeweller.main"
4    android:versionCode="15"
5    android:versionName="3.2.1" >
6
7    <uses-sdk
8        android:minSdkVersion="21"
9        android:targetSdkVersion="35" />
10    <!-- Internet permission for network access -->
11    <uses-permission android:name="android.permission.INTERNET" />
11-->src\main\AndroidManifest.xml:3:5-67
11-->src\main\AndroidManifest.xml:3:22-64
12
13    <!-- Package Visibility - Declare only necessary queries -->
14    <queries>
14-->src\main\AndroidManifest.xml:41:5-61:15
15
16        <!-- Allow querying apps that process text -->
17        <intent>
17-->src\main\AndroidManifest.xml:43:9-46:18
18            <action android:name="android.intent.action.PROCESS_TEXT" />
18-->src\main\AndroidManifest.xml:44:13-72
18-->src\main\AndroidManifest.xml:44:21-70
19
20            <data android:mimeType="text/plain" />
20-->src\main\AndroidManifest.xml:45:13-50
20-->src\main\AndroidManifest.xml:45:19-48
21        </intent>
22
23        <!-- Allow querying WhatsApp -->
24        <intent>
24-->src\main\AndroidManifest.xml:49:9-52:18
25            <action android:name="android.intent.action.VIEW" />
25-->src\main\AndroidManifest.xml:50:13-65
25-->src\main\AndroidManifest.xml:50:21-62
26
27            <data
27-->src\main\AndroidManifest.xml:45:13-50
28                android:host="wa.me"
28-->src\main\AndroidManifest.xml:51:42-62
29                android:scheme="https" />
29-->src\main\AndroidManifest.xml:51:19-41
30        </intent>
31
32        <!-- Allow querying apps that can handle phone calls -->
33        <intent>
33-->src\main\AndroidManifest.xml:55:9-57:18
34            <action android:name="android.intent.action.DIAL" />
34-->src\main\AndroidManifest.xml:56:13-65
34-->src\main\AndroidManifest.xml:56:21-62
35        </intent>
36        <intent>
36-->src\main\AndroidManifest.xml:58:9-60:18
37            <action android:name="android.intent.action.CALL" />
37-->src\main\AndroidManifest.xml:59:13-65
37-->src\main\AndroidManifest.xml:59:21-62
38        </intent>
39    </queries>
40
41    <uses-permission android:name="android.permission.ACCESS_NETWORK_STATE" />
41-->[androidx.media3:media3-common:1.4.1] AndroidManifest.xml:22:5-79
41-->[androidx.media3:media3-common:1.4.1] AndroidManifest.xml:22:22-76
42
43    <permission
43-->[androidx.core:core:1.13.1] AndroidManifest.xml:22:5-24:47
44        android:name="com.bansalandsons.jeweller.main.DYNAMIC_RECEIVER_NOT_EXPORTED_PERMISSION"
44-->[androidx.core:core:1.13.1] AndroidManifest.xml:23:9-81
45        android:protectionLevel="signature" />
45-->[androidx.core:core:1.13.1] AndroidManifest.xml:24:9-44
46
47    <uses-permission android:name="com.bansalandsons.jeweller.main.DYNAMIC_RECEIVER_NOT_EXPORTED_PERMISSION" />
47-->[androidx.core:core:1.13.1] AndroidManifest.xml:26:5-97
47-->[androidx.core:core:1.13.1] AndroidManifest.xml:26:22-94
48
49    <application
50        android:name="android.app.Application"
50-->src\main\AndroidManifest.xml:7:9-42
51        android:appComponentFactory="androidx.core.app.CoreComponentFactory"
51-->[androidx.core:core:1.13.1] AndroidManifest.xml:28:18-86
52        android:extractNativeLibs="true"
53        android:icon="@mipmap/ic_launcher"
53-->src\main\AndroidManifest.xml:8:9-43
54        android:label="BANSAL &amp; SONS JEWELLERS" >
54-->src\main\AndroidManifest.xml:6:9-52
55        <activity
55-->src\main\AndroidManifest.xml:10:9-31:20
56            android:name="com.bansalandsons.jeweller.main.MainActivity"
56-->src\main\AndroidManifest.xml:11:13-41
57            android:configChanges="orientation|keyboardHidden|keyboard|screenSize|smallestScreenSize|locale|layoutDirection|fontScale|screenLayout|density|uiMode"
57-->src\main\AndroidManifest.xml:16:13-163
58            android:exported="true"
58-->src\main\AndroidManifest.xml:12:13-36
59            android:hardwareAccelerated="true"
59-->src\main\AndroidManifest.xml:17:13-47
60            android:launchMode="singleTop"
60-->src\main\AndroidManifest.xml:13:13-43
61            android:taskAffinity=""
61-->src\main\AndroidManifest.xml:14:13-36
62            android:theme="@style/LaunchTheme"
62-->src\main\AndroidManifest.xml:15:13-47
63            android:windowSoftInputMode="adjustResize" >
63-->src\main\AndroidManifest.xml:18:13-55
64
65            <!--
66                 Specifies an Android theme to apply to this Activity as soon as
67                 the Android process has started. This theme is visible to the user
68                 while the Flutter UI initializes.
69            -->
70            <meta-data
70-->src\main\AndroidManifest.xml:23:13-25:57
71                android:name="io.flutter.embedding.android.NormalTheme"
71-->src\main\AndroidManifest.xml:24:17-72
72                android:resource="@style/NormalTheme" />
72-->src\main\AndroidManifest.xml:25:17-54
73
74            <intent-filter>
74-->src\main\AndroidManifest.xml:27:13-30:29
75                <action android:name="android.intent.action.MAIN" />
75-->src\main\AndroidManifest.xml:28:17-68
75-->src\main\AndroidManifest.xml:28:25-66
76
77                <category android:name="android.intent.category.LAUNCHER" />
77-->src\main\AndroidManifest.xml:29:17-76
77-->src\main\AndroidManifest.xml:29:27-74
78            </intent-filter>
79        </activity>
80
81        <!--
82             Don't delete the meta-data below.
83             This is used by the Flutter tool to generate GeneratedPluginRegistrant.java
84        -->
85        <meta-data
85-->src\main\AndroidManifest.xml:35:9-37:33
86            android:name="flutterEmbedding"
86-->src\main\AndroidManifest.xml:36:13-44
87            android:value="2" />
87-->src\main\AndroidManifest.xml:37:13-30
88
89        <provider
89-->[:image_picker_android] AndroidManifest.xml:9:9-17:20
90            android:name="io.flutter.plugins.imagepicker.ImagePickerFileProvider"
90-->[:image_picker_android] AndroidManifest.xml:10:13-82
91            android:authorities="com.bansalandsons.jeweller.main.flutter.image_provider"
91-->[:image_picker_android] AndroidManifest.xml:11:13-74
92            android:exported="false"
92-->[:image_picker_android] AndroidManifest.xml:12:13-37
93            android:grantUriPermissions="true" >
93-->[:image_picker_android] AndroidManifest.xml:13:13-47
94            <meta-data
94-->[:image_picker_android] AndroidManifest.xml:14:13-16:75
95                android:name="android.support.FILE_PROVIDER_PATHS"
95-->[:image_picker_android] AndroidManifest.xml:15:17-67
96                android:resource="@xml/flutter_image_picker_file_paths" />
96-->[:image_picker_android] AndroidManifest.xml:16:17-72
97        </provider> <!-- Trigger Google Play services to install the backported photo picker module. -->
98        <service
98-->[:image_picker_android] AndroidManifest.xml:19:9-31:19
99            android:name="com.google.android.gms.metadata.ModuleDependencies"
99-->[:image_picker_android] AndroidManifest.xml:20:13-78
100            android:enabled="false"
100-->[:image_picker_android] AndroidManifest.xml:21:13-36
101            android:exported="false" >
101-->[:image_picker_android] AndroidManifest.xml:22:13-37
102            <intent-filter>
102-->[:image_picker_android] AndroidManifest.xml:24:13-26:29
103                <action android:name="com.google.android.gms.metadata.MODULE_DEPENDENCIES" />
103-->[:image_picker_android] AndroidManifest.xml:25:17-94
103-->[:image_picker_android] AndroidManifest.xml:25:25-91
104            </intent-filter>
105
106            <meta-data
106-->[:image_picker_android] AndroidManifest.xml:28:13-30:36
107                android:name="photopicker_activity:0:required"
107-->[:image_picker_android] AndroidManifest.xml:29:17-63
108                android:value="" />
108-->[:image_picker_android] AndroidManifest.xml:30:17-33
109        </service>
110
111        <activity
111-->[:url_launcher_android] AndroidManifest.xml:8:9-11:74
112            android:name="io.flutter.plugins.urllauncher.WebViewActivity"
112-->[:url_launcher_android] AndroidManifest.xml:9:13-74
113            android:exported="false"
113-->[:url_launcher_android] AndroidManifest.xml:10:13-37
114            android:theme="@android:style/Theme.NoTitleBar.Fullscreen" />
114-->[:url_launcher_android] AndroidManifest.xml:11:13-71
115
116        <uses-library
116-->[androidx.window:window:1.2.0] AndroidManifest.xml:23:9-25:40
117            android:name="androidx.window.extensions"
117-->[androidx.window:window:1.2.0] AndroidManifest.xml:24:13-54
118            android:required="false" />
118-->[androidx.window:window:1.2.0] AndroidManifest.xml:25:13-37
119        <uses-library
119-->[androidx.window:window:1.2.0] AndroidManifest.xml:26:9-28:40
120            android:name="androidx.window.sidecar"
120-->[androidx.window:window:1.2.0] AndroidManifest.xml:27:13-51
121            android:required="false" />
121-->[androidx.window:window:1.2.0] AndroidManifest.xml:28:13-37
122
123        <provider
123-->[androidx.emoji2:emoji2:1.2.0] AndroidManifest.xml:24:9-32:20
124            android:name="androidx.startup.InitializationProvider"
124-->[androidx.emoji2:emoji2:1.2.0] AndroidManifest.xml:25:13-67
125            android:authorities="com.bansalandsons.jeweller.main.androidx-startup"
125-->[androidx.emoji2:emoji2:1.2.0] AndroidManifest.xml:26:13-68
126            android:exported="false" >
126-->[androidx.emoji2:emoji2:1.2.0] AndroidManifest.xml:27:13-37
127            <meta-data
127-->[androidx.emoji2:emoji2:1.2.0] AndroidManifest.xml:29:13-31:52
128                android:name="androidx.emoji2.text.EmojiCompatInitializer"
128-->[androidx.emoji2:emoji2:1.2.0] AndroidManifest.xml:30:17-75
129                android:value="androidx.startup" />
129-->[androidx.emoji2:emoji2:1.2.0] AndroidManifest.xml:31:17-49
130            <meta-data
130-->[androidx.lifecycle:lifecycle-process:2.7.0] AndroidManifest.xml:29:13-31:52
131                android:name="androidx.lifecycle.ProcessLifecycleInitializer"
131-->[androidx.lifecycle:lifecycle-process:2.7.0] AndroidManifest.xml:30:17-78
132                android:value="androidx.startup" />
132-->[androidx.lifecycle:lifecycle-process:2.7.0] AndroidManifest.xml:31:17-49
133            <meta-data
133-->[androidx.profileinstaller:profileinstaller:1.3.1] AndroidManifest.xml:29:13-31:52
134                android:name="androidx.profileinstaller.ProfileInstallerInitializer"
134-->[androidx.profileinstaller:profileinstaller:1.3.1] AndroidManifest.xml:30:17-85
135                android:value="androidx.startup" />
135-->[androidx.profileinstaller:profileinstaller:1.3.1] AndroidManifest.xml:31:17-49
136        </provider>
137
138        <receiver
138-->[androidx.profileinstaller:profileinstaller:1.3.1] AndroidManifest.xml:34:9-52:20
139            android:name="androidx.profileinstaller.ProfileInstallReceiver"
139-->[androidx.profileinstaller:profileinstaller:1.3.1] AndroidManifest.xml:35:13-76
140            android:directBootAware="false"
140-->[androidx.profileinstaller:profileinstaller:1.3.1] AndroidManifest.xml:36:13-44
141            android:enabled="true"
141-->[androidx.profileinstaller:profileinstaller:1.3.1] AndroidManifest.xml:37:13-35
142            android:exported="true"
142-->[androidx.profileinstaller:profileinstaller:1.3.1] AndroidManifest.xml:38:13-36
143            android:permission="android.permission.DUMP" >
143-->[androidx.profileinstaller:profileinstaller:1.3.1] AndroidManifest.xml:39:13-57
144            <intent-filter>
144-->[androidx.profileinstaller:profileinstaller:1.3.1] AndroidManifest.xml:40:13-42:29
145                <action android:name="androidx.profileinstaller.action.INSTALL_PROFILE" />
145-->[androidx.profileinstaller:profileinstaller:1.3.1] AndroidManifest.xml:41:17-91
145-->[androidx.profileinstaller:profileinstaller:1.3.1] AndroidManifest.xml:41:25-88
146            </intent-filter>
147            <intent-filter>
147-->[androidx.profileinstaller:profileinstaller:1.3.1] AndroidManifest.xml:43:13-45:29
148                <action android:name="androidx.profileinstaller.action.SKIP_FILE" />
148-->[androidx.profileinstaller:profileinstaller:1.3.1] AndroidManifest.xml:44:17-85
148-->[androidx.profileinstaller:profileinstaller:1.3.1] AndroidManifest.xml:44:25-82
149            </intent-filter>
150            <intent-filter>
150-->[androidx.profileinstaller:profileinstaller:1.3.1] AndroidManifest.xml:46:13-48:29
151                <action android:name="androidx.profileinstaller.action.SAVE_PROFILE" />
151-->[androidx.profileinstaller:profileinstaller:1.3.1] AndroidManifest.xml:47:17-88
151-->[androidx.profileinstaller:profileinstaller:1.3.1] AndroidManifest.xml:47:25-85
152            </intent-filter>
153            <intent-filter>
153-->[androidx.profileinstaller:profileinstaller:1.3.1] AndroidManifest.xml:49:13-51:29
154                <action android:name="androidx.profileinstaller.action.BENCHMARK_OPERATION" />
154-->[androidx.profileinstaller:profileinstaller:1.3.1] AndroidManifest.xml:50:17-95
154-->[androidx.profileinstaller:profileinstaller:1.3.1] AndroidManifest.xml:50:25-92
155            </intent-filter>
156        </receiver>
157    </application>
158
159</manifest>